
*** Running vivado
    with args -log modular_barret.vds -m64 -product Vivado -mode batch -messageDb vivado.pb -notrace -source modular_barret.tcl


****** Vivado v2017.4 (64-bit)
  **** SW Build 2086221 on Fri Dec 15 20:55:39 MST 2017
  **** IP Build 2085800 on Fri Dec 15 22:25:07 MST 2017
    ** Copyright 1986-2017 Xilinx, Inc. All Rights Reserved.

source modular_barret.tcl -notrace
Command: synth_design -top modular_barret -part xc7z020clg484-1
Starting synth_design
Attempting to get a license for feature 'Synthesis' and/or device 'xc7z020'
INFO: [Common 17-349] Got license for feature 'Synthesis' and/or device 'xc7z020'
INFO: Launching helper process for spawning children vivado processes
INFO: Helper process launched with PID 20412 
---------------------------------------------------------------------------------
Starting Synthesize : Time (s): cpu = 00:00:11 ; elapsed = 00:00:13 . Memory (MB): peak = 398.465 ; gain = 97.074
---------------------------------------------------------------------------------
INFO: [Synth 8-638] synthesizing module 'modular_barret' [C:/Users/lenovo/Desktop/EEM464_Vivado_Projeler/SoC_Barret_Reduction_Deneme/SoC_Barret_Reduction_Deneme.srcs/sources_1/new/modular_barret.vhd:49]
INFO: [Synth 8-256] done synthesizing module 'modular_barret' (1#1) [C:/Users/lenovo/Desktop/EEM464_Vivado_Projeler/SoC_Barret_Reduction_Deneme/SoC_Barret_Reduction_Deneme.srcs/sources_1/new/modular_barret.vhd:49]
---------------------------------------------------------------------------------
Finished Synthesize : Time (s): cpu = 00:00:13 ; elapsed = 00:00:14 . Memory (MB): peak = 450.418 ; gain = 149.027
---------------------------------------------------------------------------------
---------------------------------------------------------------------------------
Finished Constraint Validation : Time (s): cpu = 00:00:13 ; elapsed = 00:00:14 . Memory (MB): peak = 450.418 ; gain = 149.027
---------------------------------------------------------------------------------
---------------------------------------------------------------------------------
Start Loading Part and Timing Information
---------------------------------------------------------------------------------
Loading part: xc7z020clg484-1
---------------------------------------------------------------------------------
Finished Loading Part and Timing Information : Time (s): cpu = 00:00:13 ; elapsed = 00:00:14 . Memory (MB): peak = 450.418 ; gain = 149.027
---------------------------------------------------------------------------------
INFO: [Device 21-403] Loading part xc7z020clg484-1
WARNING: [Synth 8-6014] Unused sequential element z_reg_reg was removed.  [C:/Users/lenovo/Desktop/EEM464_Vivado_Projeler/SoC_Barret_Reduction_Deneme/SoC_Barret_Reduction_Deneme.srcs/sources_1/new/modular_barret.vhd:75]
WARNING: [Synth 8-6014] Unused sequential element z_reg_reg was removed.  [C:/Users/lenovo/Desktop/EEM464_Vivado_Projeler/SoC_Barret_Reduction_Deneme/SoC_Barret_Reduction_Deneme.srcs/sources_1/new/modular_barret.vhd:75]
WARNING: [Synth 8-6014] Unused sequential element y_reg_reg was removed.  [C:/Users/lenovo/Desktop/EEM464_Vivado_Projeler/SoC_Barret_Reduction_Deneme/SoC_Barret_Reduction_Deneme.srcs/sources_1/new/modular_barret.vhd:85]
INFO: [Synth 8-802] inferred FSM for state register 'state_reg_reg' in module 'modular_barret'
---------------------------------------------------------------------------------------------------
                   State |                     New Encoding |                Previous Encoding 
---------------------------------------------------------------------------------------------------
                    idle |                              000 |                              000
                 barret1 |                              001 |                              001
                 barret2 |                              010 |                              010
                 barret3 |                              011 |                              011
                 barret4 |                              100 |                              100
                 barret5 |                              101 |                              101
                 barret6 |                              110 |                              110
                 barret7 |                              111 |                              111
---------------------------------------------------------------------------------------------------
INFO: [Synth 8-3354] encoded FSM with state register 'state_reg_reg' using encoding 'sequential' in module 'modular_barret'
---------------------------------------------------------------------------------
Finished RTL Optimization Phase 2 : Time (s): cpu = 00:00:13 ; elapsed = 00:00:14 . Memory (MB): peak = 450.418 ; gain = 149.027
---------------------------------------------------------------------------------

Report RTL Partitions: 
+-+--------------+------------+----------+
| |RTL Partition |Replication |Instances |
+-+--------------+------------+----------+
+-+--------------+------------+----------+
No constraint files found.
---------------------------------------------------------------------------------
Start RTL Component Statistics 
---------------------------------------------------------------------------------
Detailed RTL Component Info : 
+---Adders : 
	   2 Input     32 Bit       Adders := 1     
+---Registers : 
	               32 Bit    Registers := 5     
	                1 Bit    Registers := 1     
+---Multipliers : 
	                 8x32  Multipliers := 1     
+---Muxes : 
	   8 Input     32 Bit        Muxes := 1     
	   9 Input      3 Bit        Muxes := 1     
	   8 Input      1 Bit        Muxes := 8     
---------------------------------------------------------------------------------
Finished RTL Component Statistics 
---------------------------------------------------------------------------------
---------------------------------------------------------------------------------
Start RTL Hierarchical Component Statistics 
---------------------------------------------------------------------------------
Hierarchical RTL Component report 
Module modular_barret 
Detailed RTL Component Info : 
+---Adders : 
	   2 Input     32 Bit       Adders := 1     
+---Registers : 
	               32 Bit    Registers := 5     
	                1 Bit    Registers := 1     
+---Multipliers : 
	                 8x32  Multipliers := 1     
+---Muxes : 
	   8 Input     32 Bit        Muxes := 1     
	   9 Input      3 Bit        Muxes := 1     
	   8 Input      1 Bit        Muxes := 8     
---------------------------------------------------------------------------------
Finished RTL Hierarchical Component Statistics
---------------------------------------------------------------------------------
---------------------------------------------------------------------------------
Start Part Resource Summary
---------------------------------------------------------------------------------
Part Resources:
DSPs: 220 (col length:60)
BRAMs: 280 (col length: RAMB18 60 RAMB36 30)
---------------------------------------------------------------------------------
Finished Part Resource Summary
---------------------------------------------------------------------------------
No constraint files found.
---------------------------------------------------------------------------------
Start Cross Boundary and Area Optimization
---------------------------------------------------------------------------------
INFO: [Synth 8-4471] merging register 'z_reg_reg[31:0]' into 'z_reg_reg[31:0]' [C:/Users/lenovo/Desktop/EEM464_Vivado_Projeler/SoC_Barret_Reduction_Deneme/SoC_Barret_Reduction_Deneme.srcs/sources_1/new/modular_barret.vhd:75]
WARNING: [Synth 8-6014] Unused sequential element z_reg_reg was removed.  [C:/Users/lenovo/Desktop/EEM464_Vivado_Projeler/SoC_Barret_Reduction_Deneme/SoC_Barret_Reduction_Deneme.srcs/sources_1/new/modular_barret.vhd:75]
WARNING: [Synth 8-6014] Unused sequential element z_reg_reg was removed.  [C:/Users/lenovo/Desktop/EEM464_Vivado_Projeler/SoC_Barret_Reduction_Deneme/SoC_Barret_Reduction_Deneme.srcs/sources_1/new/modular_barret.vhd:75]
WARNING: [Synth 8-6014] Unused sequential element z_reg_reg was removed.  [C:/Users/lenovo/Desktop/EEM464_Vivado_Projeler/SoC_Barret_Reduction_Deneme/SoC_Barret_Reduction_Deneme.srcs/sources_1/new/modular_barret.vhd:75]
WARNING: [Synth 8-6014] Unused sequential element y_reg_reg was removed.  [C:/Users/lenovo/Desktop/EEM464_Vivado_Projeler/SoC_Barret_Reduction_Deneme/SoC_Barret_Reduction_Deneme.srcs/sources_1/new/modular_barret.vhd:85]
DSP Report: Generating DSP t_reg_reg, operation Mode is: (A*B)'.
DSP Report: register t_reg_reg is absorbed into DSP t_reg_reg.
DSP Report: register z_reg_reg is absorbed into DSP t_reg_reg.
DSP Report: operator z_reg0 is absorbed into DSP t_reg_reg.
DSP Report: Generating DSP z_reg2_reg, operation Mode is: (-C'+(A*B)'+1-1)'.
DSP Report: register y_reg_reg is absorbed into DSP z_reg2_reg.
DSP Report: register z_reg2_reg is absorbed into DSP z_reg2_reg.
DSP Report: register z_reg_reg is absorbed into DSP z_reg2_reg.
DSP Report: operator z_reg20 is absorbed into DSP z_reg2_reg.
DSP Report: operator z_reg0 is absorbed into DSP z_reg2_reg.
---------------------------------------------------------------------------------
Finished Cross Boundary and Area Optimization : Time (s): cpu = 00:00:21 ; elapsed = 00:00:22 . Memory (MB): peak = 610.230 ; gain = 308.840
---------------------------------------------------------------------------------
---------------------------------------------------------------------------------
Start ROM, RAM, DSP and Shift Register Reporting
---------------------------------------------------------------------------------

DSP: Preliminary Mapping  Report (see note below)
+---------------+-------------------+--------+--------+--------+--------+--------+------+------+------+------+-------+------+------+
|Module Name    | DSP Mapping       | A Size | B Size | C Size | D Size | P Size | AREG | BREG | CREG | DREG | ADREG | MREG | PREG | 
+---------------+-------------------+--------+--------+--------+--------+--------+------+------+------+------+-------+------+------+
|modular_barret | (A*B)'            | 17     | 17     | -      | -      | 34     | 0    | 0    | -    | -    | -     | 1    | 1    | 
|modular_barret | (-C'+(A*B)'+1-1)' | 17     | 17     | 32     | -      | 32     | 0    | 0    | 1    | -    | -     | 1    | 1    | 
+---------------+-------------------+--------+--------+--------+--------+--------+------+------+------+------+-------+------+------+

Note: The table above is a preliminary report that shows the DSPs inferred at the current stage of the synthesis flow. Some DSP may be reimplemented as non DSP primitives later in the synthesis flow. Multiple instantiated DSPs are reported only once.
---------------------------------------------------------------------------------
Finished ROM, RAM, DSP and Shift Register Reporting
---------------------------------------------------------------------------------

Report RTL Partitions: 
+-+--------------+------------+----------+
| |RTL Partition |Replication |Instances |
+-+--------------+------------+----------+
+-+--------------+------------+----------+
No constraint files found.
---------------------------------------------------------------------------------
Start Timing Optimization
---------------------------------------------------------------------------------
---------------------------------------------------------------------------------
Finished Timing Optimization : Time (s): cpu = 00:00:21 ; elapsed = 00:00:23 . Memory (MB): peak = 610.230 ; gain = 308.840
---------------------------------------------------------------------------------

Report RTL Partitions: 
+-+--------------+------------+----------+
| |RTL Partition |Replication |Instances |
+-+--------------+------------+----------+
+-+--------------+------------+----------+
---------------------------------------------------------------------------------
Start Technology Mapping
---------------------------------------------------------------------------------
---------------------------------------------------------------------------------
Finished Technology Mapping : Time (s): cpu = 00:00:21 ; elapsed = 00:00:23 . Memory (MB): peak = 619.258 ; gain = 317.867
---------------------------------------------------------------------------------

Report RTL Partitions: 
+-+--------------+------------+----------+
| |RTL Partition |Replication |Instances |
+-+--------------+------------+----------+
+-+--------------+------------+----------+
---------------------------------------------------------------------------------
Start IO Insertion
---------------------------------------------------------------------------------
---------------------------------------------------------------------------------
Start Flattening Before IO Insertion
---------------------------------------------------------------------------------
---------------------------------------------------------------------------------
Finished Flattening Before IO Insertion
---------------------------------------------------------------------------------
---------------------------------------------------------------------------------
Start Final Netlist Cleanup
---------------------------------------------------------------------------------
---------------------------------------------------------------------------------
Finished Final Netlist Cleanup
---------------------------------------------------------------------------------
---------------------------------------------------------------------------------
Finished IO Insertion : Time (s): cpu = 00:00:22 ; elapsed = 00:00:24 . Memory (MB): peak = 619.258 ; gain = 317.867
---------------------------------------------------------------------------------

Report Check Netlist: 
+------+------------------+-------+---------+-------+------------------+
|      |Item              |Errors |Warnings |Status |Description       |
+------+------------------+-------+---------+-------+------------------+
|1     |multi_driven_nets |      0|        0|Passed |Multi driven nets |
+------+------------------+-------+---------+-------+------------------+
---------------------------------------------------------------------------------
Start Renaming Generated Instances
---------------------------------------------------------------------------------
---------------------------------------------------------------------------------
Finished Renaming Generated Instances : Time (s): cpu = 00:00:22 ; elapsed = 00:00:24 . Memory (MB): peak = 619.258 ; gain = 317.867
---------------------------------------------------------------------------------

Report RTL Partitions: 
+-+--------------+------------+----------+
| |RTL Partition |Replication |Instances |
+-+--------------+------------+----------+
+-+--------------+------------+----------+
---------------------------------------------------------------------------------
Start Rebuilding User Hierarchy
---------------------------------------------------------------------------------
---------------------------------------------------------------------------------
Finished Rebuilding User Hierarchy : Time (s): cpu = 00:00:22 ; elapsed = 00:00:24 . Memory (MB): peak = 619.258 ; gain = 317.867
---------------------------------------------------------------------------------
---------------------------------------------------------------------------------
Start Renaming Generated Ports
---------------------------------------------------------------------------------
---------------------------------------------------------------------------------
Finished Renaming Generated Ports : Time (s): cpu = 00:00:22 ; elapsed = 00:00:24 . Memory (MB): peak = 619.258 ; gain = 317.867
---------------------------------------------------------------------------------
---------------------------------------------------------------------------------
Start Handling Custom Attributes
---------------------------------------------------------------------------------
---------------------------------------------------------------------------------
Finished Handling Custom Attributes : Time (s): cpu = 00:00:22 ; elapsed = 00:00:24 . Memory (MB): peak = 619.258 ; gain = 317.867
---------------------------------------------------------------------------------
---------------------------------------------------------------------------------
Start Renaming Generated Nets
---------------------------------------------------------------------------------
---------------------------------------------------------------------------------
Finished Renaming Generated Nets : Time (s): cpu = 00:00:22 ; elapsed = 00:00:24 . Memory (MB): peak = 619.258 ; gain = 317.867
---------------------------------------------------------------------------------
---------------------------------------------------------------------------------
Start Writing Synthesis Report
---------------------------------------------------------------------------------

Report BlackBoxes: 
+-+--------------+----------+
| |BlackBox name |Instances |
+-+--------------+----------+
+-+--------------+----------+

Report Cell Usage: 
+------+--------+------+
|      |Cell    |Count |
+------+--------+------+
|1     |BUFG    |     1|
|2     |CARRY4  |    30|
|3     |DSP48E1 |     2|
|4     |LUT1    |    34|
|5     |LUT2    |    58|
|6     |LUT3    |    56|
|7     |LUT4    |    24|
|8     |LUT5    |     7|
|9     |LUT6    |     5|
|10    |FDRE    |    93|
|11    |IBUF    |    35|
|12    |OBUF    |    33|
+------+--------+------+

Report Instance Areas: 
+------+---------+-------+------+
|      |Instance |Module |Cells |
+------+---------+-------+------+
|1     |top      |       |   378|
+------+---------+-------+------+
---------------------------------------------------------------------------------
Finished Writing Synthesis Report : Time (s): cpu = 00:00:22 ; elapsed = 00:00:24 . Memory (MB): peak = 619.258 ; gain = 317.867
---------------------------------------------------------------------------------
Synthesis finished with 0 errors, 0 critical warnings and 7 warnings.
Synthesis Optimization Runtime : Time (s): cpu = 00:00:22 ; elapsed = 00:00:24 . Memory (MB): peak = 619.258 ; gain = 317.867
Synthesis Optimization Complete : Time (s): cpu = 00:00:22 ; elapsed = 00:00:24 . Memory (MB): peak = 619.258 ; gain = 317.867
INFO: [Project 1-571] Translating synthesized netlist
INFO: [Netlist 29-17] Analyzing 67 Unisim elements for replacement
INFO: [Netlist 29-28] Unisim Transformation completed in 0 CPU seconds
INFO: [Project 1-570] Preparing netlist for logic optimization
INFO: [Opt 31-138] Pushed 0 inverter(s) to 0 load pin(s).
INFO: [Project 1-111] Unisim Transformation Summary:
No Unisim elements were transformed.

INFO: [Common 17-83] Releasing license: Synthesis
14 Infos, 7 Warnings, 0 Critical Warnings and 0 Errors encountered.
synth_design completed successfully
synth_design: Time (s): cpu = 00:00:29 ; elapsed = 00:00:33 . Memory (MB): peak = 724.543 ; gain = 435.535
INFO: [Common 17-1381] The checkpoint 'C:/Users/lenovo/Desktop/EEM464_Vivado_Projeler/SoC_Barret_Reduction_Deneme/SoC_Barret_Reduction_Deneme.runs/synth_1/modular_barret.dcp' has been generated.
INFO: [runtcl-4] Executing : report_utilization -file modular_barret_utilization_synth.rpt -pb modular_barret_utilization_synth.pb
report_utilization: Time (s): cpu = 00:00:00 ; elapsed = 00:00:00.052 . Memory (MB): peak = 724.543 ; gain = 0.000
INFO: [Common 17-206] Exiting Vivado at Sat Apr 24 19:12:41 2021...
